build/app/intermediates/manifest_merge_blame_file/debug/manifest-merger-blame-debug-report.txt
1<?xml version="1.0" encoding="utf-8"?>
2<manifest xmlns:android="http://schemas.android.com/apk/res/android"
3    package="com.example.bucks"
4    android:versionCode="1"
5    android:versionName="3.0.0" >
6
7    <uses-sdk
8        android:minSdkVersion="16"
9        android:targetSdkVersion="28" />
10    <!--
11         Flutter needs it to communicate with the running application
12         to allow setting breakpoints, to provide hot reload, etc.
13    -->
14    <uses-permission android:name="android.permission.INTERNET" />
14-->src\debug\AndroidManifest.xml:6:5-66
14-->src\debug\AndroidManifest.xml:6:22-64
15    <uses-permission android:name="android.permission.ACCESS_NETWORK_STATE" />
15-->[:connectivity] AndroidManifest.xml:7:5-79
15-->[:connectivity] AndroidManifest.xml:7:22-76
16    <uses-permission android:name="android.permission.ACCESS_WIFI_STATE" />
16-->[:connectivity] AndroidManifest.xml:8:5-76
16-->[:connectivity] AndroidManifest.xml:8:22-73
17    <uses-permission android:name="android.permission.REQUEST_INSTALL_PACKAGES" />
17-->[:open_file] AndroidManifest.xml:8:5-83
17-->[:open_file] AndroidManifest.xml:8:22-80
18    <uses-permission android:name="android.permission.READ_EXTERNAL_STORAGE" />
18-->[:open_file] AndroidManifest.xml:9:5-80
18-->[:open_file] AndroidManifest.xml:9:22-77
19    <uses-permission android:name="android.permission.CAMERA" />
19-->[:barcode_scan] AndroidManifest.xml:11:5-65
19-->[:barcode_scan] AndroidManifest.xml:11:22-62
20    <!--
21 io.flutter.app.FlutterApplication is an android.app.Application that
22         calls FlutterMain.startInitialization(this); in its onCreate method.
23         In most cases you can leave this as-is, but you if you want to provide
24         additional functionality it is fine to subclass or reimplement
25         FlutterApplication and put your custom class here.
26    -->
27    <application
27-->src\main\AndroidManifest.xml:8:5-29:19
28        android:name="io.flutter.app.FlutterApplication"
28-->src\main\AndroidManifest.xml:9:9-57
29        android:appComponentFactory="androidx.core.app.CoreComponentFactory"
29-->[androidx.core:core:1.1.0-alpha03] AndroidManifest.xml:22:18-86
30        android:debuggable="true"
31        android:icon="@mipmap/ic_launcher"
31-->src\main\AndroidManifest.xml:11:9-43
32        android:label="bucks" >
32-->src\main\AndroidManifest.xml:10:9-30
33        <activity
33-->src\main\AndroidManifest.xml:12:9-23:20
34            android:name="com.example.bucks.MainActivity"
34-->src\main\AndroidManifest.xml:13:13-41
35            android:configChanges="orientation|keyboardHidden|keyboard|screenSize|smallestScreenSize|locale|layoutDirection|fontScale|screenLayout|density|uiMode"
35-->src\main\AndroidManifest.xml:16:13-163
36            android:hardwareAccelerated="true"
36-->src\main\AndroidManifest.xml:17:13-47
37            android:launchMode="singleTop"
37-->src\main\AndroidManifest.xml:14:13-43
38            android:theme="@style/LaunchTheme"
38-->src\main\AndroidManifest.xml:15:13-47
39            android:windowSoftInputMode="adjustResize" >
39-->src\main\AndroidManifest.xml:18:13-55
40            <intent-filter>
40-->src\main\AndroidManifest.xml:19:13-22:29
41                <action android:name="android.intent.action.MAIN" />
41-->src\main\AndroidManifest.xml:20:17-68
41-->src\main\AndroidManifest.xml:20:25-66
42
43                <category android:name="android.intent.category.LAUNCHER" />
43-->src\main\AndroidManifest.xml:21:17-76
43-->src\main\AndroidManifest.xml:21:27-74
44            </intent-filter>
45        </activity>
46        <!--
47             Don't delete the meta-data below.
48             This is used by the Flutter tool to generate GeneratedPluginRegistrant.java
49        -->
50        <meta-data
50-->src\main\AndroidManifest.xml:26:9-28:33
51            android:name="flutterEmbedding"
51-->src\main\AndroidManifest.xml:27:13-44
52            android:value="2" />
52-->src\main\AndroidManifest.xml:28:13-30
53
54        <provider
54-->[:open_file] AndroidManifest.xml:12:9-21:20
55            android:name="androidx.core.content.FileProvider"
55-->[:open_file] AndroidManifest.xml:13:13-62
56            android:authorities="com.example.bucks.fileProvider"
56-->[:open_file] AndroidManifest.xml:14:13-64
57            android:exported="false"
57-->[:open_file] AndroidManifest.xml:15:13-37
58            android:grantUriPermissions="true" >
58-->[:open_file] AndroidManifest.xml:16:13-47
59            <meta-data
59-->[:open_file] AndroidManifest.xml:18:13-20:53
60                android:name="android.support.FILE_PROVIDER_PATHS"
60-->[:open_file] AndroidManifest.xml:19:17-67
61                android:resource="@xml/filepaths" />
61-->[:open_file] AndroidManifest.xml:20:17-50
62        </provider>
63
64        <activity android:name="com.apptreesoftware.barcodescan.BarcodeScannerActivity" />
64-->[:barcode_scan] AndroidManifest.xml:14:9-91
64-->[:barcode_scan] AndroidManifest.xml:14:19-88
65    </application>
66
67</manifest>